file /nfs/home/sihyun.roh/giit/PiMsimulation/gem5/build/ARM/ext/systemc/SConscript,line 41:
	Configure(confdir = build/ARM/ext/systemc/.scons_config)
scons: Configure: Checking whether __i386__ is declared... 
scons: Configure: "build/ARM/ext/systemc/.scons_config/conftest_35422207c1ff9f87810e3f3cf05741b3_0.c" is up to date.
scons: Configure: The original builder output was:
  |build/ARM/ext/systemc/.scons_config/conftest_35422207c1ff9f87810e3f3cf05741b3_0.c <-
  |  |
  |  |int main(void)
  |  |{
  |  |#ifndef __i386__
  |  |    (void) __i386__;
  |  |#endif
  |  |    ;
  |  |    return 0;
  |  |}
  |  |
  |
scons: Configure: Building "build/ARM/ext/systemc/.scons_config/conftest_35422207c1ff9f87810e3f3cf05741b3_0_5687ef4375a4bdfc9cb7dad07d8a4345.o" failed in a previous run and all its sources are up to date.
scons: Configure: The original builder output was:
  |[m [      CC] [33mARM/ext/systemc/.scons_config/conftest_35422207c1ff9f87810e3f3cf05741b3_0[33m[1m.c[34m[1m -> [33m[1m_5687ef4375a4bdfc9cb7dad07d8a4345.o(B[m
  |
scons: Configure: (cached) no

scons: Configure: Checking whether __x86_64__ is declared... 
scons: Configure: "build/ARM/ext/systemc/.scons_config/conftest_fc5c667aeab98cc869c22ec2d558eb9d_0.c" is up to date.
scons: Configure: The original builder output was:
  |build/ARM/ext/systemc/.scons_config/conftest_fc5c667aeab98cc869c22ec2d558eb9d_0.c <-
  |  |
  |  |int main(void)
  |  |{
  |  |#ifndef __x86_64__
  |  |    (void) __x86_64__;
  |  |#endif
  |  |    ;
  |  |    return 0;
  |  |}
  |  |
  |
scons: Configure: "build/ARM/ext/systemc/.scons_config/conftest_fc5c667aeab98cc869c22ec2d558eb9d_0_737e9bbc19de2061d624a3caf8bf0b3e.o" is up to date.
scons: Configure: The original builder output was:
  |[m [      CC] [33mARM/ext/systemc/.scons_config/conftest_fc5c667aeab98cc869c22ec2d558eb9d_0[33m[1m.c[34m[1m -> [33m[1m_737e9bbc19de2061d624a3caf8bf0b3e.o(B[m
  |
scons: Configure: (cached) yes


